
## ---------------------- ##
## Running config.status. ##
## ---------------------- ##

This file was extended by ntfs-3g config.status 2009.4.4, which was
generated by GNU Autoconf 2.61.  Invocation command line was

  CONFIG_FILES    = 
  CONFIG_HEADERS  = 
  CONFIG_LINKS    = 
  CONFIG_COMMANDS = 
  $ ./config.status 

on bcacpe-sqa

config.status:708: creating Makefile
config.status:708: creating include/Makefile
config.status:708: creating include/fuse-lite/Makefile
config.status:708: creating include/ntfs-3g/Makefile
config.status:708: creating libfuse-lite/Makefile
config.status:708: creating libntfs-3g/Makefile
config.status:708: creating libntfs-3g/libntfs-3g.pc
config.status:708: creating libntfs-3g/libntfs-3g.script.so
config.status:708: creating src/Makefile
config.status:708: creating src/ntfs-3g.8
config.status:708: creating src/ntfs-3g.probe.8
config.status:708: creating config.h
config.status:1014: config.h is unchanged
config.status:1060: executing depfiles commands

## ---------------------- ##
## Running config.status. ##
## ---------------------- ##

This file was extended by ntfs-3g config.status 2009.4.4, which was
generated by GNU Autoconf 2.61.  Invocation command line was

  CONFIG_FILES    = 
  CONFIG_HEADERS  = 
  CONFIG_LINKS    = 
  CONFIG_COMMANDS = 
  $ ./config.status 

on actiontec-H61MA-D2V

config.status:708: creating Makefile
config.status:708: creating include/Makefile
config.status:708: creating include/fuse-lite/Makefile
config.status:708: creating include/ntfs-3g/Makefile
config.status:708: creating libfuse-lite/Makefile
config.status:708: creating libntfs-3g/Makefile
config.status:708: creating libntfs-3g/libntfs-3g.pc
config.status:708: creating libntfs-3g/libntfs-3g.script.so
config.status:708: creating src/Makefile
config.status:708: creating src/ntfs-3g.8
config.status:708: creating src/ntfs-3g.probe.8
config.status:708: creating config.h
config.status:1014: config.h is unchanged
config.status:1060: executing depfiles commands

## ---------------------- ##
## Running config.status. ##
## ---------------------- ##

This file was extended by ntfs-3g config.status 2009.4.4, which was
generated by GNU Autoconf 2.61.  Invocation command line was

  CONFIG_FILES    = 
  CONFIG_HEADERS  = 
  CONFIG_LINKS    = 
  CONFIG_COMMANDS = 
  $ ./config.status 

on actiontec-MS-7519

config.status:708: creating Makefile
config.status:708: creating include/Makefile
config.status:708: creating include/fuse-lite/Makefile
config.status:708: creating include/ntfs-3g/Makefile
config.status:708: creating libfuse-lite/Makefile
config.status:708: creating libntfs-3g/Makefile
config.status:708: creating libntfs-3g/libntfs-3g.pc
config.status:708: creating libntfs-3g/libntfs-3g.script.so
config.status:708: creating src/Makefile
config.status:708: creating src/ntfs-3g.8
config.status:708: creating src/ntfs-3g.probe.8
config.status:708: creating config.h
config.status:1014: config.h is unchanged
config.status:1060: executing depfiles commands
