This file contains any messages produced by compilers while
running configure, to aid debugging if configure makes a mistake.

It was created by configure, which was
generated by GNU Autoconf 2.68.  Invocation command line was

  $ ./configure --build=i686-pc-linux-gnu --host=mips-linux --target=mips-linux --enable-static --with-kernel-support CC=/opt/toolchains/uclibc-crosstools-gcc-4.4.2-1/usr/bin/mips-linux-uclibc-gcc CPP=/opt/toolchains/uclibc-crosstools-gcc-4.4.2-1/usr/bin/mips-linux-uclibc-cpp CXX=/opt/toolchains/uclibc-crosstools-gcc-4.4.2-1/usr/bin/mips-linux-uclibc-g++ build_alias=i686-pc-linux-gnu host_alias=mips-linux target_alias=mips-linux --no-create --no-recursion

## --------- ##
## Platform. ##
## --------- ##

hostname = actiontec-MS-7519
uname -m = i686
uname -r = 3.2.0-58-generic-pae
uname -s = Linux
uname -v = #88-Ubuntu SMP Tue Dec 3 18:00:02 UTC 2013

/usr/bin/uname -p = unknown
/bin/uname -X     = unknown

/bin/arch              = unknown
/usr/bin/arch -k       = unknown
/usr/convex/getsysinfo = unknown
/usr/bin/hostinfo      = unknown
/bin/machine           = unknown
/usr/bin/oslevel       = unknown
/bin/universe          = unknown

PATH: /usr/local/sbin
PATH: /usr/local/bin
PATH: /usr/sbin
PATH: /usr/bin
PATH: /sbin
PATH: /bin
PATH: /usr/games


## ----------- ##
## Core tests. ##
## ----------- ##

configure:2764: checking for a BSD-compatible install
configure:2832: result: /usr/bin/install -c
configure:2843: checking whether build environment is sane
configure:2880: result: yes
configure:2942: checking for gawk
configure:2958: found /usr/bin/gawk
configure:2969: result: gawk
configure:2980: checking whether make sets $(MAKE)
configure:3002: result: yes
configure:3076: checking for mips-linux-strip
configure:3103: result: /opt/toolchains/uclibc-crosstools-gcc-4.4.2-1/usr/bin/mips-linux-uclibc-strip
configure:3195: checking for style of include used by make
configure:3223: result: GNU
configure:3256: checking for mips-linux-gcc
configure:3283: result: /opt/toolchains/uclibc-crosstools-gcc-4.4.2-1/usr/bin/mips-linux-uclibc-gcc
configure:3552: checking for C compiler version
configure:3561: /opt/toolchains/uclibc-crosstools-gcc-4.4.2-1/usr/bin/mips-linux-uclibc-gcc --version >&5
mips-linux-uclibc-gcc (Buildroot 2010.02-git) 4.4.2
Copyright (C) 2009 Free Software Foundation, Inc.
This is free software; see the source for copying conditions.  There is NO
warranty; not even for MERCHANTABILITY or FITNESS FOR A PARTICULAR PURPOSE.

configure:3572: $? = 0
configure:3561: /opt/toolchains/uclibc-crosstools-gcc-4.4.2-1/usr/bin/mips-linux-uclibc-gcc -v >&5
Using built-in specs.
Target: mips-linux-uclibc
Configured with: /shared/myviews/toolchain/buildroot-4.4.2-1/output/toolchain/gcc-4.4.2/configure --prefix=/usr --build=i386-pc-linux-gnu --host=i386-pc-linux-gnu --target=mips-linux-uclibc --enable-languages=c,c++ --with-sysroot=/opt/toolchains/uclibc-crosstools-gcc-4.4.2-1 --with-build-time-tools=/opt/toolchains/uclibc-crosstools-gcc-4.4.2-1/usr/mips-linux-uclibc/bin --disable-__cxa_atexit --enable-target-optspace --with-gnu-ld --disable-libssp --disable-tls --enable-shared --with-gmp=/shared/myviews/toolchain/buildroot-4.4.2-1/output/toolchain/gmp --with-mpfr=/shared/myviews/toolchain/buildroot-4.4.2-1/output/toolchain/mpfr --disable-nls --enable-threads --disable-multilib --disable-decimal-float --with-float=soft --with-abi=32 --with-tune=mips32 --with-arch=mips32 --with-pkgversion='Buildroot 2010.02-git' --with-bugurl=http://bugs.buildroot.net/
Thread model: posix
gcc version 4.4.2 (Buildroot 2010.02-git) 
configure:3572: $? = 0
configure:3561: /opt/toolchains/uclibc-crosstools-gcc-4.4.2-1/usr/bin/mips-linux-uclibc-gcc -V >&5
mips-linux-uclibc-gcc: '-V' option must have argument
configure:3572: $? = 1
configure:3561: /opt/toolchains/uclibc-crosstools-gcc-4.4.2-1/usr/bin/mips-linux-uclibc-gcc -qversion >&5
mips-linux-uclibc-gcc: unrecognized option '-qversion'
mips-linux-uclibc-gcc: no input files
configure:3572: $? = 1
configure:3592: checking whether the C compiler works
configure:3614: /opt/toolchains/uclibc-crosstools-gcc-4.4.2-1/usr/bin/mips-linux-uclibc-gcc    conftest.c  >&5
configure:3618: $? = 0
configure:3666: result: yes
configure:3669: checking for C compiler default output file name
configure:3671: result: a.out
configure:3677: checking for suffix of executables
configure:3684: /opt/toolchains/uclibc-crosstools-gcc-4.4.2-1/usr/bin/mips-linux-uclibc-gcc -o conftest    conftest.c  >&5
configure:3688: $? = 0
configure:3710: result: 
configure:3732: checking whether we are cross compiling
configure:3770: result: yes
configure:3775: checking for suffix of object files
configure:3797: /opt/toolchains/uclibc-crosstools-gcc-4.4.2-1/usr/bin/mips-linux-uclibc-gcc -c   conftest.c >&5
configure:3801: $? = 0
configure:3822: result: o
configure:3826: checking whether we are using the GNU C compiler
configure:3845: /opt/toolchains/uclibc-crosstools-gcc-4.4.2-1/usr/bin/mips-linux-uclibc-gcc -c   conftest.c >&5
configure:3845: $? = 0
configure:3854: result: yes
configure:3863: checking whether /opt/toolchains/uclibc-crosstools-gcc-4.4.2-1/usr/bin/mips-linux-uclibc-gcc accepts -g
configure:3883: /opt/toolchains/uclibc-crosstools-gcc-4.4.2-1/usr/bin/mips-linux-uclibc-gcc -c -g  conftest.c >&5
configure:3883: $? = 0
configure:3924: result: yes
configure:3941: checking for /opt/toolchains/uclibc-crosstools-gcc-4.4.2-1/usr/bin/mips-linux-uclibc-gcc option to accept ISO C89
configure:4005: /opt/toolchains/uclibc-crosstools-gcc-4.4.2-1/usr/bin/mips-linux-uclibc-gcc  -c -g -O2  conftest.c >&5
configure:4005: $? = 0
configure:4018: result: none needed
configure:4040: checking dependency style of /opt/toolchains/uclibc-crosstools-gcc-4.4.2-1/usr/bin/mips-linux-uclibc-gcc
configure:4130: result: gcc3
configure:4148: checking whether basename is declared
configure:4148: /opt/toolchains/uclibc-crosstools-gcc-4.4.2-1/usr/bin/mips-linux-uclibc-gcc -c -g -O2  conftest.c >&5
configure:4148: $? = 0
configure:4148: result: yes
configure:4163: checking for mips-linux-ranlib
configure:4190: result: /opt/toolchains/uclibc-crosstools-gcc-4.4.2-1/usr/bin/mips-linux-uclibc-ranlib
configure:4328: checking build system type
configure:4342: result: i686-pc-linux-gnu
configure:4362: checking host system type
configure:4375: result: mips-unknown-linux-gnu
configure:4395: checking for a sed that does not truncate output
configure:4449: result: /bin/sed
configure:4452: checking for grep that handles long lines and -e
configure:4510: result: /bin/grep
configure:4515: checking for egrep
configure:4577: result: /bin/grep -E
configure:4593: checking for ld used by /opt/toolchains/uclibc-crosstools-gcc-4.4.2-1/usr/bin/mips-linux-uclibc-gcc
configure:4660: result: /opt/toolchains/uclibc-crosstools-gcc-4.4.2-1/usr/bin/mips-linux-uclibc-ld
configure:4667: checking if the linker (/opt/toolchains/uclibc-crosstools-gcc-4.4.2-1/usr/bin/mips-linux-uclibc-ld) is GNU ld
configure:4682: result: yes
configure:4687: checking for /opt/toolchains/uclibc-crosstools-gcc-4.4.2-1/usr/bin/mips-linux-uclibc-ld option to reload object files
configure:4694: result: -r
configure:4712: checking for BSD-compatible nm
configure:4761: result: /opt/toolchains/uclibc-crosstools-gcc-4.4.2-1/usr/bin/mips-linux-uclibc-nm
configure:4765: checking whether ln -s works
configure:4769: result: yes
configure:4776: checking how to recognise dependent libraries
configure:4952: result: pass_all
configure:5160: checking how to run the C preprocessor
configure:5230: result: /opt/toolchains/uclibc-crosstools-gcc-4.4.2-1/usr/bin/mips-linux-uclibc-cpp
configure:5250: /opt/toolchains/uclibc-crosstools-gcc-4.4.2-1/usr/bin/mips-linux-uclibc-cpp  conftest.c
configure:5250: $? = 0
configure:5264: /opt/toolchains/uclibc-crosstools-gcc-4.4.2-1/usr/bin/mips-linux-uclibc-cpp  conftest.c
conftest.c:12:28: error: ac_nonexistent.h: No such file or directory
configure:5264: $? = 1
configure: failed program was:
| /* confdefs.h */
| #define PACKAGE_NAME ""
| #define PACKAGE_TARNAME ""
| #define PACKAGE_VERSION ""
| #define PACKAGE_STRING ""
| #define PACKAGE_BUGREPORT ""
| #define PACKAGE_URL ""
| #define PACKAGE "oprofile"
| #define VERSION "0.9.6"
| #define HAVE_DECL_BASENAME 1
| /* end confdefs.h.  */
| #include <ac_nonexistent.h>
configure:5293: checking for ANSI C header files
configure:5313: /opt/toolchains/uclibc-crosstools-gcc-4.4.2-1/usr/bin/mips-linux-uclibc-gcc -c -g -O2  conftest.c >&5
configure:5313: $? = 0
configure:5397: result: yes
configure:5410: checking for sys/types.h
configure:5410: /opt/toolchains/uclibc-crosstools-gcc-4.4.2-1/usr/bin/mips-linux-uclibc-gcc -c -g -O2  conftest.c >&5
configure:5410: $? = 0
configure:5410: result: yes
configure:5410: checking for sys/stat.h
configure:5410: /opt/toolchains/uclibc-crosstools-gcc-4.4.2-1/usr/bin/mips-linux-uclibc-gcc -c -g -O2  conftest.c >&5
configure:5410: $? = 0
configure:5410: result: yes
configure:5410: checking for stdlib.h
configure:5410: /opt/toolchains/uclibc-crosstools-gcc-4.4.2-1/usr/bin/mips-linux-uclibc-gcc -c -g -O2  conftest.c >&5
configure:5410: $? = 0
configure:5410: result: yes
configure:5410: checking for string.h
configure:5410: /opt/toolchains/uclibc-crosstools-gcc-4.4.2-1/usr/bin/mips-linux-uclibc-gcc -c -g -O2  conftest.c >&5
configure:5410: $? = 0
configure:5410: result: yes
configure:5410: checking for memory.h
configure:5410: /opt/toolchains/uclibc-crosstools-gcc-4.4.2-1/usr/bin/mips-linux-uclibc-gcc -c -g -O2  conftest.c >&5
configure:5410: $? = 0
configure:5410: result: yes
configure:5410: checking for strings.h
configure:5410: /opt/toolchains/uclibc-crosstools-gcc-4.4.2-1/usr/bin/mips-linux-uclibc-gcc -c -g -O2  conftest.c >&5
configure:5410: $? = 0
configure:5410: result: yes
configure:5410: checking for inttypes.h
configure:5410: /opt/toolchains/uclibc-crosstools-gcc-4.4.2-1/usr/bin/mips-linux-uclibc-gcc -c -g -O2  conftest.c >&5
configure:5410: $? = 0
configure:5410: result: yes
configure:5410: checking for stdint.h
configure:5410: /opt/toolchains/uclibc-crosstools-gcc-4.4.2-1/usr/bin/mips-linux-uclibc-gcc -c -g -O2  conftest.c >&5
configure:5410: $? = 0
configure:5410: result: yes
configure:5410: checking for unistd.h
configure:5410: /opt/toolchains/uclibc-crosstools-gcc-4.4.2-1/usr/bin/mips-linux-uclibc-gcc -c -g -O2  conftest.c >&5
configure:5410: $? = 0
configure:5410: result: yes
configure:5424: checking dlfcn.h usability
configure:5424: /opt/toolchains/uclibc-crosstools-gcc-4.4.2-1/usr/bin/mips-linux-uclibc-gcc -c -g -O2  conftest.c >&5
configure:5424: $? = 0
configure:5424: result: yes
configure:5424: checking dlfcn.h presence
configure:5424: /opt/toolchains/uclibc-crosstools-gcc-4.4.2-1/usr/bin/mips-linux-uclibc-cpp  conftest.c
configure:5424: $? = 0
configure:5424: result: yes
configure:5424: checking for dlfcn.h
configure:5424: result: yes
configure:5546: checking for C++ compiler version
configure:5555: /opt/toolchains/uclibc-crosstools-gcc-4.4.2-1/usr/bin/mips-linux-uclibc-g++ --version >&5
mips-linux-uclibc-g++ (Buildroot 2010.02-git) 4.4.2
Copyright (C) 2009 Free Software Foundation, Inc.
This is free software; see the source for copying conditions.  There is NO
warranty; not even for MERCHANTABILITY or FITNESS FOR A PARTICULAR PURPOSE.

configure:5566: $? = 0
configure:5555: /opt/toolchains/uclibc-crosstools-gcc-4.4.2-1/usr/bin/mips-linux-uclibc-g++ -v >&5
Using built-in specs.
Target: mips-linux-uclibc
Configured with: /shared/myviews/toolchain/buildroot-4.4.2-1/output/toolchain/gcc-4.4.2/configure --prefix=/usr --build=i386-pc-linux-gnu --host=i386-pc-linux-gnu --target=mips-linux-uclibc --enable-languages=c,c++ --with-sysroot=/opt/toolchains/uclibc-crosstools-gcc-4.4.2-1 --with-build-time-tools=/opt/toolchains/uclibc-crosstools-gcc-4.4.2-1/usr/mips-linux-uclibc/bin --disable-__cxa_atexit --enable-target-optspace --with-gnu-ld --disable-libssp --disable-tls --enable-shared --with-gmp=/shared/myviews/toolchain/buildroot-4.4.2-1/output/toolchain/gmp --with-mpfr=/shared/myviews/toolchain/buildroot-4.4.2-1/output/toolchain/mpfr --disable-nls --enable-threads --disable-multilib --disable-decimal-float --with-float=soft --with-abi=32 --with-tune=mips32 --with-arch=mips32 --with-pkgversion='Buildroot 2010.02-git' --with-bugurl=http://bugs.buildroot.net/
Thread model: posix
gcc version 4.4.2 (Buildroot 2010.02-git) 
configure:5566: $? = 0
configure:5555: /opt/toolchains/uclibc-crosstools-gcc-4.4.2-1/usr/bin/mips-linux-uclibc-g++ -V >&5
mips-linux-uclibc-g++: '-V' option must have argument
configure:5566: $? = 1
configure:5555: /opt/toolchains/uclibc-crosstools-gcc-4.4.2-1/usr/bin/mips-linux-uclibc-g++ -qversion >&5
mips-linux-uclibc-g++: unrecognized option '-qversion'
mips-linux-uclibc-g++: no input files
configure:5566: $? = 1
configure:5570: checking whether we are using the GNU C++ compiler
configure:5589: /opt/toolchains/uclibc-crosstools-gcc-4.4.2-1/usr/bin/mips-linux-uclibc-g++ -c   conftest.cpp >&5
configure:5589: $? = 0
configure:5598: result: yes
configure:5607: checking whether /opt/toolchains/uclibc-crosstools-gcc-4.4.2-1/usr/bin/mips-linux-uclibc-g++ accepts -g
configure:5627: /opt/toolchains/uclibc-crosstools-gcc-4.4.2-1/usr/bin/mips-linux-uclibc-g++ -c -g  conftest.cpp >&5
configure:5627: $? = 0
configure:5668: result: yes
configure:5693: checking dependency style of /opt/toolchains/uclibc-crosstools-gcc-4.4.2-1/usr/bin/mips-linux-uclibc-g++
configure:5783: result: gcc3
configure:5810: checking how to run the C++ preprocessor
configure:5837: /opt/toolchains/uclibc-crosstools-gcc-4.4.2-1/usr/bin/mips-linux-uclibc-g++ -E  conftest.cpp
configure:5837: $? = 0
configure:5851: /opt/toolchains/uclibc-crosstools-gcc-4.4.2-1/usr/bin/mips-linux-uclibc-g++ -E  conftest.cpp
conftest.cpp:23:28: error: ac_nonexistent.h: No such file or directory
configure:5851: $? = 1
configure: failed program was:
| /* confdefs.h */
| #define PACKAGE_NAME ""
| #define PACKAGE_TARNAME ""
| #define PACKAGE_VERSION ""
| #define PACKAGE_STRING ""
| #define PACKAGE_BUGREPORT ""
| #define PACKAGE_URL ""
| #define PACKAGE "oprofile"
| #define VERSION "0.9.6"
| #define HAVE_DECL_BASENAME 1
| #define STDC_HEADERS 1
| #define HAVE_SYS_TYPES_H 1
| #define HAVE_SYS_STAT_H 1
| #define HAVE_STDLIB_H 1
| #define HAVE_STRING_H 1
| #define HAVE_MEMORY_H 1
| #define HAVE_STRINGS_H 1
| #define HAVE_INTTYPES_H 1
| #define HAVE_STDINT_H 1
| #define HAVE_UNISTD_H 1
| #define HAVE_DLFCN_H 1
| /* end confdefs.h.  */
| #include <ac_nonexistent.h>
configure:5876: result: /opt/toolchains/uclibc-crosstools-gcc-4.4.2-1/usr/bin/mips-linux-uclibc-g++ -E
configure:5896: /opt/toolchains/uclibc-crosstools-gcc-4.4.2-1/usr/bin/mips-linux-uclibc-g++ -E  conftest.cpp
configure:5896: $? = 0
configure:5910: /opt/toolchains/uclibc-crosstools-gcc-4.4.2-1/usr/bin/mips-linux-uclibc-g++ -E  conftest.cpp
conftest.cpp:23:28: error: ac_nonexistent.h: No such file or directory
configure:5910: $? = 1
configure: failed program was:
| /* confdefs.h */
| #define PACKAGE_NAME ""
| #define PACKAGE_TARNAME ""
| #define PACKAGE_VERSION ""
| #define PACKAGE_STRING ""
| #define PACKAGE_BUGREPORT ""
| #define PACKAGE_URL ""
| #define PACKAGE "oprofile"
| #define VERSION "0.9.6"
| #define HAVE_DECL_BASENAME 1
| #define STDC_HEADERS 1
| #define HAVE_SYS_TYPES_H 1
| #define HAVE_SYS_STAT_H 1
| #define HAVE_STDLIB_H 1
| #define HAVE_STRING_H 1
| #define HAVE_MEMORY_H 1
| #define HAVE_STRINGS_H 1
| #define HAVE_INTTYPES_H 1
| #define HAVE_STDINT_H 1
| #define HAVE_UNISTD_H 1
| #define HAVE_DLFCN_H 1
| /* end confdefs.h.  */
| #include <ac_nonexistent.h>
configure:5950: checking for mips-linux-g77
configure:5980: result: no
configure:5950: checking for mips-linux-xlf
configure:5980: result: no
configure:5950: checking for mips-linux-f77
configure:5980: result: no
configure:5950: checking for mips-linux-frt
configure:5980: result: no
configure:5950: checking for mips-linux-pgf77
configure:5980: result: no
configure:5950: checking for mips-linux-cf77
configure:5980: result: no
configure:5950: checking for mips-linux-fort77
configure:5980: result: no
configure:5950: checking for mips-linux-fl32
configure:5980: result: no
configure:5950: checking for mips-linux-af77
configure:5980: result: no
configure:5950: checking for mips-linux-xlf90
configure:5980: result: no
configure:5950: checking for mips-linux-f90
configure:5980: result: no
configure:5950: checking for mips-linux-pgf90
configure:5980: result: no
configure:5950: checking for mips-linux-pghpf
configure:5980: result: no
configure:5950: checking for mips-linux-epcf90
configure:5980: result: no
configure:5950: checking for mips-linux-gfortran
configure:5980: result: no
configure:5950: checking for mips-linux-g95
configure:5980: result: no
configure:5950: checking for mips-linux-xlf95
configure:5980: result: no
configure:5950: checking for mips-linux-f95
configure:5980: result: no
configure:5950: checking for mips-linux-fort
configure:5980: result: no
configure:5950: checking for mips-linux-ifort
configure:5980: result: no
configure:5950: checking for mips-linux-ifc
configure:5980: result: no
configure:5950: checking for mips-linux-efc
configure:5980: result: no
configure:5950: checking for mips-linux-pgfortran
configure:5980: result: no
configure:5950: checking for mips-linux-pgf95
configure:5980: result: no
configure:5950: checking for mips-linux-lf95
configure:5980: result: no
configure:5950: checking for mips-linux-ftn
configure:5980: result: no
configure:5994: checking for g77
configure:6024: result: no
configure:5994: checking for xlf
configure:6024: result: no
configure:5994: checking for f77
configure:6024: result: no
configure:5994: checking for frt
configure:6024: result: no
configure:5994: checking for pgf77
configure:6024: result: no
configure:5994: checking for cf77
configure:6024: result: no
configure:5994: checking for fort77
configure:6024: result: no
configure:5994: checking for fl32
configure:6024: result: no
configure:5994: checking for af77
configure:6024: result: no
configure:5994: checking for xlf90
configure:6024: result: no
configure:5994: checking for f90
configure:6024: result: no
configure:5994: checking for pgf90
configure:6024: result: no
configure:5994: checking for pghpf
configure:6024: result: no
configure:5994: checking for epcf90
configure:6024: result: no
configure:5994: checking for gfortran
configure:6024: result: no
configure:5994: checking for g95
configure:6024: result: no
configure:5994: checking for xlf95
configure:6024: result: no
configure:5994: checking for f95
configure:6024: result: no
configure:5994: checking for fort
configure:6024: result: no
configure:5994: checking for ifort
configure:6024: result: no
configure:5994: checking for ifc
configure:6024: result: no
configure:5994: checking for efc
configure:6024: result: no
configure:5994: checking for pgfortran
configure:6024: result: no
configure:5994: checking for pgf95
configure:6024: result: no
configure:5994: checking for lf95
configure:6024: result: no
configure:5994: checking for ftn
configure:6024: result: no
configure:6047: checking for Fortran 77 compiler version
configure:6056:  --version >&5
./configure: line 6058: --version: command not found
configure:6067: $? = 127
configure:6056:  -v >&5
./configure: line 6058: -v: command not found
configure:6067: $? = 127
configure:6056:  -V >&5
./configure: line 6058: -V: command not found
configure:6067: $? = 127
configure:6056:  -qversion >&5
./configure: line 6058: -qversion: command not found
configure:6067: $? = 127
configure:6076: checking whether we are using the GNU Fortran 77 compiler
configure:6089:  -c  conftest.F >&5
./configure: line 2232: -c: command not found
configure:6089: $? = 127
configure: failed program was:
|       program main
| #ifndef __GNUC__
|        choke me
| #endif
| 
|       end
configure:6098: result: no
configure:6104: checking whether  accepts -g
configure:6115:  -c -g conftest.f >&5
./configure: line 2232: -c: command not found
configure:6115: $? = 127
configure: failed program was:
|       program main
| 
|       end
configure:6123: result: no
configure:6157: checking the maximum length of command line arguments
configure:6266: result: 32768
configure:6277: checking command to parse /opt/toolchains/uclibc-crosstools-gcc-4.4.2-1/usr/bin/mips-linux-uclibc-nm output from /opt/toolchains/uclibc-crosstools-gcc-4.4.2-1/usr/bin/mips-linux-uclibc-gcc object
configure:6382: /opt/toolchains/uclibc-crosstools-gcc-4.4.2-1/usr/bin/mips-linux-uclibc-gcc -c -g -O2  conftest.c >&5
configure:6385: $? = 0
configure:6389: /opt/toolchains/uclibc-crosstools-gcc-4.4.2-1/usr/bin/mips-linux-uclibc-nm conftest.o \| sed -n -e 's/^.*[ 	]\([ABCDGIRSTW][ABCDGIRSTW]*\)[ 	][ 	]*\([_A-Za-z][_A-Za-z0-9]*\)$/\1 \2 \2/p' \> conftest.nm
configure:6392: $? = 0
configure:6444: /opt/toolchains/uclibc-crosstools-gcc-4.4.2-1/usr/bin/mips-linux-uclibc-gcc -o conftest -g -O2   conftest.c conftstm.o >&5
configure:6447: $? = 0
configure:6485: result: ok
configure:6489: checking for objdir
configure:6504: result: .libs
configure:6556: checking for mips-linux-ar
configure:6583: result: /opt/toolchains/uclibc-crosstools-gcc-4.4.2-1/usr/bin/mips-linux-uclibc-ar
configure:6648: checking for mips-linux-ranlib
configure:6675: result: /opt/toolchains/uclibc-crosstools-gcc-4.4.2-1/usr/bin/mips-linux-uclibc-ranlib
configure:6740: checking for mips-linux-strip
configure:6767: result: /opt/toolchains/uclibc-crosstools-gcc-4.4.2-1/usr/bin/mips-linux-uclibc-strip
configure:7089: checking if /opt/toolchains/uclibc-crosstools-gcc-4.4.2-1/usr/bin/mips-linux-uclibc-gcc supports -fno-rtti -fno-exceptions
configure:7107: /opt/toolchains/uclibc-crosstools-gcc-4.4.2-1/usr/bin/mips-linux-uclibc-gcc -c -g -O2  -fno-rtti -fno-exceptions conftest.c >&5
cc1: warning: command line option "-fno-rtti" is valid for C++/ObjC++ but not for C
configure:7111: $? = 0
configure:7124: result: no
configure:7139: checking for /opt/toolchains/uclibc-crosstools-gcc-4.4.2-1/usr/bin/mips-linux-uclibc-gcc option to produce PIC
configure:7349: result: -fPIC
configure:7357: checking if /opt/toolchains/uclibc-crosstools-gcc-4.4.2-1/usr/bin/mips-linux-uclibc-gcc PIC flag -fPIC works
configure:7375: /opt/toolchains/uclibc-crosstools-gcc-4.4.2-1/usr/bin/mips-linux-uclibc-gcc -c -g -O2  -fPIC -DPIC conftest.c >&5
configure:7379: $? = 0
configure:7392: result: yes
configure:7420: checking if /opt/toolchains/uclibc-crosstools-gcc-4.4.2-1/usr/bin/mips-linux-uclibc-gcc static flag -static works
configure:7448: result: yes
configure:7458: checking if /opt/toolchains/uclibc-crosstools-gcc-4.4.2-1/usr/bin/mips-linux-uclibc-gcc supports -c -o file.o
configure:7479: /opt/toolchains/uclibc-crosstools-gcc-4.4.2-1/usr/bin/mips-linux-uclibc-gcc -c -g -O2  -o out/conftest2.o conftest.c >&5
configure:7483: $? = 0
configure:7505: result: yes
configure:7531: checking whether the /opt/toolchains/uclibc-crosstools-gcc-4.4.2-1/usr/bin/mips-linux-uclibc-gcc linker (/opt/toolchains/uclibc-crosstools-gcc-4.4.2-1/usr/bin/mips-linux-uclibc-ld) supports shared libraries
configure:8431: result: yes
configure:8452: checking whether -lc should be explicitly linked in
configure:8457: /opt/toolchains/uclibc-crosstools-gcc-4.4.2-1/usr/bin/mips-linux-uclibc-gcc -c -g -O2  conftest.c >&5
configure:8460: $? = 0
configure:8475: /opt/toolchains/uclibc-crosstools-gcc-4.4.2-1/usr/bin/mips-linux-uclibc-gcc -shared conftest.o  -v -Wl,-soname -Wl,conftest -o conftest 2\>\&1 \| grep  -lc  \>/dev/null 2\>\&1
configure:8478: $? = 0
configure:8490: result: no
configure:8498: checking dynamic linker characteristics
configure:9086: result: GNU/Linux ld.so
configure:9095: checking how to hardcode library paths into programs
configure:9120: result: immediate
configure:9134: checking whether stripping libraries is possible
configure:9139: result: yes
configure:9655: checking if libtool supports shared libraries
configure:9657: result: yes
configure:9660: checking whether to build shared libraries
configure:9681: result: yes
configure:9684: checking whether to build static libraries
configure:9688: result: yes
configure:9780: creating libtool
configure:10364: checking for ld used by /opt/toolchains/uclibc-crosstools-gcc-4.4.2-1/usr/bin/mips-linux-uclibc-g++
configure:10431: result: /opt/toolchains/uclibc-crosstools-gcc-4.4.2-1/usr/bin/mips-linux-uclibc-ld
configure:10438: checking if the linker (/opt/toolchains/uclibc-crosstools-gcc-4.4.2-1/usr/bin/mips-linux-uclibc-ld) is GNU ld
configure:10453: result: yes
configure:10504: checking whether the /opt/toolchains/uclibc-crosstools-gcc-4.4.2-1/usr/bin/mips-linux-uclibc-g++ linker (/opt/toolchains/uclibc-crosstools-gcc-4.4.2-1/usr/bin/mips-linux-uclibc-ld) supports shared libraries
configure:11384: result: yes
configure:11402: /opt/toolchains/uclibc-crosstools-gcc-4.4.2-1/usr/bin/mips-linux-uclibc-g++ -c -g -O2  conftest.cpp >&5
configure:11405: $? = 0
configure:11524: checking for /opt/toolchains/uclibc-crosstools-gcc-4.4.2-1/usr/bin/mips-linux-uclibc-g++ option to produce PIC
configure:11798: result: -fPIC
configure:11806: checking if /opt/toolchains/uclibc-crosstools-gcc-4.4.2-1/usr/bin/mips-linux-uclibc-g++ PIC flag -fPIC works
configure:11824: /opt/toolchains/uclibc-crosstools-gcc-4.4.2-1/usr/bin/mips-linux-uclibc-g++ -c -g -O2  -fPIC -DPIC conftest.cpp >&5
configure:11828: $? = 0
configure:11841: result: yes
configure:11869: checking if /opt/toolchains/uclibc-crosstools-gcc-4.4.2-1/usr/bin/mips-linux-uclibc-g++ static flag -static works
configure:11897: result: yes
configure:11907: checking if /opt/toolchains/uclibc-crosstools-gcc-4.4.2-1/usr/bin/mips-linux-uclibc-g++ supports -c -o file.o
configure:11928: /opt/toolchains/uclibc-crosstools-gcc-4.4.2-1/usr/bin/mips-linux-uclibc-g++ -c -g -O2  -o out/conftest2.o conftest.cpp >&5
configure:11932: $? = 0
configure:11954: result: yes
configure:11980: checking whether the /opt/toolchains/uclibc-crosstools-gcc-4.4.2-1/usr/bin/mips-linux-uclibc-g++ linker (/opt/toolchains/uclibc-crosstools-gcc-4.4.2-1/usr/bin/mips-linux-uclibc-ld) supports shared libraries
configure:12005: result: yes
configure:12072: checking dynamic linker characteristics
configure:12660: result: GNU/Linux ld.so
configure:12669: checking how to hardcode library paths into programs
configure:12694: result: immediate
configure:18789: checking for mips-linux-gcc
configure:18816: result: /opt/toolchains/uclibc-crosstools-gcc-4.4.2-1/usr/bin/mips-linux-uclibc-gcc
configure:19085: checking for C compiler version
configure:19094: /opt/toolchains/uclibc-crosstools-gcc-4.4.2-1/usr/bin/mips-linux-uclibc-gcc --version >&5
mips-linux-uclibc-gcc (Buildroot 2010.02-git) 4.4.2
Copyright (C) 2009 Free Software Foundation, Inc.
This is free software; see the source for copying conditions.  There is NO
warranty; not even for MERCHANTABILITY or FITNESS FOR A PARTICULAR PURPOSE.

configure:19105: $? = 0
configure:19094: /opt/toolchains/uclibc-crosstools-gcc-4.4.2-1/usr/bin/mips-linux-uclibc-gcc -v >&5
Using built-in specs.
Target: mips-linux-uclibc
Configured with: /shared/myviews/toolchain/buildroot-4.4.2-1/output/toolchain/gcc-4.4.2/configure --prefix=/usr --build=i386-pc-linux-gnu --host=i386-pc-linux-gnu --target=mips-linux-uclibc --enable-languages=c,c++ --with-sysroot=/opt/toolchains/uclibc-crosstools-gcc-4.4.2-1 --with-build-time-tools=/opt/toolchains/uclibc-crosstools-gcc-4.4.2-1/usr/mips-linux-uclibc/bin --disable-__cxa_atexit --enable-target-optspace --with-gnu-ld --disable-libssp --disable-tls --enable-shared --with-gmp=/shared/myviews/toolchain/buildroot-4.4.2-1/output/toolchain/gmp --with-mpfr=/shared/myviews/toolchain/buildroot-4.4.2-1/output/toolchain/mpfr --disable-nls --enable-threads --disable-multilib --disable-decimal-float --with-float=soft --with-abi=32 --with-tune=mips32 --with-arch=mips32 --with-pkgversion='Buildroot 2010.02-git' --with-bugurl=http://bugs.buildroot.net/
Thread model: posix
gcc version 4.4.2 (Buildroot 2010.02-git) 
configure:19105: $? = 0
configure:19094: /opt/toolchains/uclibc-crosstools-gcc-4.4.2-1/usr/bin/mips-linux-uclibc-gcc -V >&5
mips-linux-uclibc-gcc: '-V' option must have argument
configure:19105: $? = 1
configure:19094: /opt/toolchains/uclibc-crosstools-gcc-4.4.2-1/usr/bin/mips-linux-uclibc-gcc -qversion >&5
mips-linux-uclibc-gcc: unrecognized option '-qversion'
mips-linux-uclibc-gcc: no input files
configure:19105: $? = 1
configure:19109: checking whether we are using the GNU C compiler
configure:19137: result: yes
configure:19146: checking whether /opt/toolchains/uclibc-crosstools-gcc-4.4.2-1/usr/bin/mips-linux-uclibc-gcc accepts -g
configure:19207: result: yes
configure:19224: checking for /opt/toolchains/uclibc-crosstools-gcc-4.4.2-1/usr/bin/mips-linux-uclibc-gcc option to accept ISO C89
configure:19301: result: none needed
configure:19323: checking dependency style of /opt/toolchains/uclibc-crosstools-gcc-4.4.2-1/usr/bin/mips-linux-uclibc-gcc
configure:19413: result: gcc3
configure:19435: checking how to run the C preprocessor
configure:19505: result: /opt/toolchains/uclibc-crosstools-gcc-4.4.2-1/usr/bin/mips-linux-uclibc-cpp
configure:19525: /opt/toolchains/uclibc-crosstools-gcc-4.4.2-1/usr/bin/mips-linux-uclibc-cpp  conftest.c
configure:19525: $? = 0
configure:19539: /opt/toolchains/uclibc-crosstools-gcc-4.4.2-1/usr/bin/mips-linux-uclibc-cpp  conftest.c
conftest.c:23:28: error: ac_nonexistent.h: No such file or directory
configure:19539: $? = 1
configure: failed program was:
| /* confdefs.h */
| #define PACKAGE_NAME ""
| #define PACKAGE_TARNAME ""
| #define PACKAGE_VERSION ""
| #define PACKAGE_STRING ""
| #define PACKAGE_BUGREPORT ""
| #define PACKAGE_URL ""
| #define PACKAGE "oprofile"
| #define VERSION "0.9.6"
| #define HAVE_DECL_BASENAME 1
| #define STDC_HEADERS 1
| #define HAVE_SYS_TYPES_H 1
| #define HAVE_SYS_STAT_H 1
| #define HAVE_STDLIB_H 1
| #define HAVE_STRING_H 1
| #define HAVE_MEMORY_H 1
| #define HAVE_STRINGS_H 1
| #define HAVE_INTTYPES_H 1
| #define HAVE_STDINT_H 1
| #define HAVE_UNISTD_H 1
| #define HAVE_DLFCN_H 1
| /* end confdefs.h.  */
| #include <ac_nonexistent.h>
configure:19679: checking for C++ compiler version
configure:19688: /opt/toolchains/uclibc-crosstools-gcc-4.4.2-1/usr/bin/mips-linux-uclibc-g++ --version >&5
mips-linux-uclibc-g++ (Buildroot 2010.02-git) 4.4.2
Copyright (C) 2009 Free Software Foundation, Inc.
This is free software; see the source for copying conditions.  There is NO
warranty; not even for MERCHANTABILITY or FITNESS FOR A PARTICULAR PURPOSE.

configure:19699: $? = 0
configure:19688: /opt/toolchains/uclibc-crosstools-gcc-4.4.2-1/usr/bin/mips-linux-uclibc-g++ -v >&5
Using built-in specs.
Target: mips-linux-uclibc
Configured with: /shared/myviews/toolchain/buildroot-4.4.2-1/output/toolchain/gcc-4.4.2/configure --prefix=/usr --build=i386-pc-linux-gnu --host=i386-pc-linux-gnu --target=mips-linux-uclibc --enable-languages=c,c++ --with-sysroot=/opt/toolchains/uclibc-crosstools-gcc-4.4.2-1 --with-build-time-tools=/opt/toolchains/uclibc-crosstools-gcc-4.4.2-1/usr/mips-linux-uclibc/bin --disable-__cxa_atexit --enable-target-optspace --with-gnu-ld --disable-libssp --disable-tls --enable-shared --with-gmp=/shared/myviews/toolchain/buildroot-4.4.2-1/output/toolchain/gmp --with-mpfr=/shared/myviews/toolchain/buildroot-4.4.2-1/output/toolchain/mpfr --disable-nls --enable-threads --disable-multilib --disable-decimal-float --with-float=soft --with-abi=32 --with-tune=mips32 --with-arch=mips32 --with-pkgversion='Buildroot 2010.02-git' --with-bugurl=http://bugs.buildroot.net/
Thread model: posix
gcc version 4.4.2 (Buildroot 2010.02-git) 
configure:19699: $? = 0
configure:19688: /opt/toolchains/uclibc-crosstools-gcc-4.4.2-1/usr/bin/mips-linux-uclibc-g++ -V >&5
mips-linux-uclibc-g++: '-V' option must have argument
configure:19699: $? = 1
configure:19688: /opt/toolchains/uclibc-crosstools-gcc-4.4.2-1/usr/bin/mips-linux-uclibc-g++ -qversion >&5
mips-linux-uclibc-g++: unrecognized option '-qversion'
mips-linux-uclibc-g++: no input files
configure:19699: $? = 1
configure:19703: checking whether we are using the GNU C++ compiler
configure:19731: result: yes
configure:19740: checking whether /opt/toolchains/uclibc-crosstools-gcc-4.4.2-1/usr/bin/mips-linux-uclibc-g++ accepts -g
configure:19801: result: yes
configure:19826: checking dependency style of /opt/toolchains/uclibc-crosstools-gcc-4.4.2-1/usr/bin/mips-linux-uclibc-g++
configure:19916: result: gcc3
configure:19935: checking for ld
configure:19962: result: /opt/toolchains/uclibc-crosstools-gcc-4.4.2-1/usr/bin/mips-linux-uclibc-ld
configure:19973: checking for kernel OProfile support
configure:20051: result: yes
configure:20403: checking whether malloc attribute is understood
configure:20420: /opt/toolchains/uclibc-crosstools-gcc-4.4.2-1/usr/bin/mips-linux-uclibc-gcc -c -Werror -g -O2  conftest.c >&5
cc1: warnings being treated as errors
conftest.c: In function 'main':
conftest.c:28: error: 'malloc' attribute ignored
configure:20420: $? = 1
configure: failed program was:
| /* confdefs.h */
| #define PACKAGE_NAME ""
| #define PACKAGE_TARNAME ""
| #define PACKAGE_VERSION ""
| #define PACKAGE_STRING ""
| #define PACKAGE_BUGREPORT ""
| #define PACKAGE_URL ""
| #define PACKAGE "oprofile"
| #define VERSION "0.9.6"
| #define HAVE_DECL_BASENAME 1
| #define STDC_HEADERS 1
| #define HAVE_SYS_TYPES_H 1
| #define HAVE_SYS_STAT_H 1
| #define HAVE_STDLIB_H 1
| #define HAVE_STRING_H 1
| #define HAVE_MEMORY_H 1
| #define HAVE_STRINGS_H 1
| #define HAVE_INTTYPES_H 1
| #define HAVE_STDINT_H 1
| #define HAVE_UNISTD_H 1
| #define HAVE_DLFCN_H 1
| /* end confdefs.h.  */
| 
| int
| main ()
| {
| 
| void monkey() __attribute__((malloc));
| 
|   ;
|   return 0;
| }
configure:20426: result: no
configure:20434: checking whether __builtin_expect is understood
configure:20452: /opt/toolchains/uclibc-crosstools-gcc-4.4.2-1/usr/bin/mips-linux-uclibc-gcc -o conftest -Werror -g -O2   conftest.c  >&5
configure:20452: $? = 0
configure:20453: result: yes
configure:20518: checking for sched_setaffinity
configure:20518: /opt/toolchains/uclibc-crosstools-gcc-4.4.2-1/usr/bin/mips-linux-uclibc-gcc -o conftest -g -O2   conftest.c  >&5
configure:20518: $? = 0
configure:20518: result: yes
configure:20518: checking for perfmonctl
configure:20518: /opt/toolchains/uclibc-crosstools-gcc-4.4.2-1/usr/bin/mips-linux-uclibc-gcc -o conftest -g -O2   conftest.c  >&5
/tmp/ccGHDeyu.o: In function `main':
/home/actiontec/projects/tasks/31.122L.11_2/sdk1204/bcmcpe_release/userspace/gpl/apps/oprofile/conftest.c:58: undefined reference to `perfmonctl'
collect2: ld returned 1 exit status
configure:20518: $? = 1
configure: failed program was:
| /* confdefs.h */
| #define PACKAGE_NAME ""
| #define PACKAGE_TARNAME ""
| #define PACKAGE_VERSION ""
| #define PACKAGE_STRING ""
| #define PACKAGE_BUGREPORT ""
| #define PACKAGE_URL ""
| #define PACKAGE "oprofile"
| #define VERSION "0.9.6"
| #define HAVE_DECL_BASENAME 1
| #define STDC_HEADERS 1
| #define HAVE_SYS_TYPES_H 1
| #define HAVE_SYS_STAT_H 1
| #define HAVE_STDLIB_H 1
| #define HAVE_STRING_H 1
| #define HAVE_MEMORY_H 1
| #define HAVE_STRINGS_H 1
| #define HAVE_INTTYPES_H 1
| #define HAVE_STDINT_H 1
| #define HAVE_UNISTD_H 1
| #define HAVE_DLFCN_H 1
| #define HAVE_SCHED_SETAFFINITY 1
| /* end confdefs.h.  */
| /* Define perfmonctl to an innocuous variant, in case <limits.h> declares perfmonctl.
|    For example, HP-UX 11i <limits.h> declares gettimeofday.  */
| #define perfmonctl innocuous_perfmonctl
| 
| /* System header to define __stub macros and hopefully few prototypes,
|     which can conflict with char perfmonctl (); below.
|     Prefer <limits.h> to <assert.h> if __STDC__ is defined, since
|     <limits.h> exists even on freestanding compilers.  */
| 
| #ifdef __STDC__
| # include <limits.h>
| #else
| # include <assert.h>
| #endif
| 
| #undef perfmonctl
| 
| /* Override any GCC internal prototype to avoid an error.
|    Use char because int might match the return type of a GCC
|    builtin and then its argument prototype would still apply.  */
| #ifdef __cplusplus
| extern "C"
| #endif
| char perfmonctl ();
| /* The GNU C library defines this for functions which it implements
|     to always fail with ENOSYS.  Some functions are actually named
|     something starting with __ and the normal name is an alias.  */
| #if defined __stub_perfmonctl || defined __stub___perfmonctl
| choke me
| #endif
| 
| int
| main ()
| {
| return perfmonctl ();
|   ;
|   return 0;
| }
configure:20518: result: no
configure:20528: checking for poptGetContext in -lpopt
configure:20553: /opt/toolchains/uclibc-crosstools-gcc-4.4.2-1/usr/bin/mips-linux-uclibc-gcc -o conftest -g -O2   conftest.c -lpopt   >&5
/opt/toolchains/uclibc-crosstools-gcc-4.4.2-1/usr/bin/../lib/gcc/mips-linux-uclibc/4.4.2/../../../../mips-linux-uclibc/bin/ld: cannot find -lpopt
collect2: ld returned 1 exit status
configure:20553: $? = 1
configure: failed program was:
| /* confdefs.h */
| #define PACKAGE_NAME ""
| #define PACKAGE_TARNAME ""
| #define PACKAGE_VERSION ""
| #define PACKAGE_STRING ""
| #define PACKAGE_BUGREPORT ""
| #define PACKAGE_URL ""
| #define PACKAGE "oprofile"
| #define VERSION "0.9.6"
| #define HAVE_DECL_BASENAME 1
| #define STDC_HEADERS 1
| #define HAVE_SYS_TYPES_H 1
| #define HAVE_SYS_STAT_H 1
| #define HAVE_STDLIB_H 1
| #define HAVE_STRING_H 1
| #define HAVE_MEMORY_H 1
| #define HAVE_STRINGS_H 1
| #define HAVE_INTTYPES_H 1
| #define HAVE_STDINT_H 1
| #define HAVE_UNISTD_H 1
| #define HAVE_DLFCN_H 1
| #define HAVE_SCHED_SETAFFINITY 1
| /* end confdefs.h.  */
| 
| /* Override any GCC internal prototype to avoid an error.
|    Use char because int might match the return type of a GCC
|    builtin and then its argument prototype would still apply.  */
| #ifdef __cplusplus
| extern "C"
| #endif
| char poptGetContext ();
| int
| main ()
| {
| return poptGetContext ();
|   ;
|   return 0;
| }
configure:20562: result: no
configure:20572: error: popt library not found

## ---------------- ##
## Cache variables. ##
## ---------------- ##

ac_cv_build=i686-pc-linux-gnu
ac_cv_c_compiler_gnu=yes
ac_cv_cxx_compiler_gnu=yes
ac_cv_env_CCC_set=
ac_cv_env_CCC_value=
ac_cv_env_CC_set=set
ac_cv_env_CC_value=/opt/toolchains/uclibc-crosstools-gcc-4.4.2-1/usr/bin/mips-linux-uclibc-gcc
ac_cv_env_CFLAGS_set=
ac_cv_env_CFLAGS_value=
ac_cv_env_CPPFLAGS_set=
ac_cv_env_CPPFLAGS_value=
ac_cv_env_CPP_set=set
ac_cv_env_CPP_value=/opt/toolchains/uclibc-crosstools-gcc-4.4.2-1/usr/bin/mips-linux-uclibc-cpp
ac_cv_env_CXXCPP_set=
ac_cv_env_CXXCPP_value=
ac_cv_env_CXXFLAGS_set=
ac_cv_env_CXXFLAGS_value=
ac_cv_env_CXX_set=set
ac_cv_env_CXX_value=/opt/toolchains/uclibc-crosstools-gcc-4.4.2-1/usr/bin/mips-linux-uclibc-g++
ac_cv_env_F77_set=
ac_cv_env_F77_value=
ac_cv_env_FFLAGS_set=
ac_cv_env_FFLAGS_value=
ac_cv_env_LDFLAGS_set=
ac_cv_env_LDFLAGS_value=
ac_cv_env_LIBS_set=
ac_cv_env_LIBS_value=
ac_cv_env_XMKMF_set=
ac_cv_env_XMKMF_value=
ac_cv_env_build_alias_set=set
ac_cv_env_build_alias_value=i686-pc-linux-gnu
ac_cv_env_host_alias_set=set
ac_cv_env_host_alias_value=mips-linux
ac_cv_env_target_alias_set=set
ac_cv_env_target_alias_value=mips-linux
ac_cv_f77_compiler_gnu=no
ac_cv_func_perfmonctl=no
ac_cv_func_sched_setaffinity=yes
ac_cv_have_decl_basename=yes
ac_cv_header_dlfcn_h=yes
ac_cv_header_inttypes_h=yes
ac_cv_header_memory_h=yes
ac_cv_header_stdc=yes
ac_cv_header_stdint_h=yes
ac_cv_header_stdlib_h=yes
ac_cv_header_string_h=yes
ac_cv_header_strings_h=yes
ac_cv_header_sys_stat_h=yes
ac_cv_header_sys_types_h=yes
ac_cv_header_unistd_h=yes
ac_cv_host=mips-unknown-linux-gnu
ac_cv_lib_popt_poptGetContext=no
ac_cv_objext=o
ac_cv_path_EGREP='/bin/grep -E'
ac_cv_path_GREP=/bin/grep
ac_cv_path_install='/usr/bin/install -c'
ac_cv_prog_AR=/opt/toolchains/uclibc-crosstools-gcc-4.4.2-1/usr/bin/mips-linux-uclibc-ar
ac_cv_prog_AWK=gawk
ac_cv_prog_CC=/opt/toolchains/uclibc-crosstools-gcc-4.4.2-1/usr/bin/mips-linux-uclibc-gcc
ac_cv_prog_CPP=/opt/toolchains/uclibc-crosstools-gcc-4.4.2-1/usr/bin/mips-linux-uclibc-cpp
ac_cv_prog_CXXCPP='/opt/toolchains/uclibc-crosstools-gcc-4.4.2-1/usr/bin/mips-linux-uclibc-g++ -E'
ac_cv_prog_LD=/opt/toolchains/uclibc-crosstools-gcc-4.4.2-1/usr/bin/mips-linux-uclibc-ld
ac_cv_prog_RANLIB=/opt/toolchains/uclibc-crosstools-gcc-4.4.2-1/usr/bin/mips-linux-uclibc-ranlib
ac_cv_prog_STRIP=/opt/toolchains/uclibc-crosstools-gcc-4.4.2-1/usr/bin/mips-linux-uclibc-strip
ac_cv_prog_cc_c89=
ac_cv_prog_cc_g=yes
ac_cv_prog_cxx_g=yes
ac_cv_prog_f77_g=no
ac_cv_prog_make_make_set=yes
am_cv_CC_dependencies_compiler_type=gcc3
am_cv_CXX_dependencies_compiler_type=gcc3
lt_cv_deplibs_check_method=pass_all
lt_cv_file_magic_cmd='$MAGIC_CMD'
lt_cv_file_magic_test_file=
lt_cv_ld_reload_flag=-r
lt_cv_objdir=.libs
lt_cv_path_LD=/opt/toolchains/uclibc-crosstools-gcc-4.4.2-1/usr/bin/mips-linux-uclibc-ld
lt_cv_path_LDCXX=/opt/toolchains/uclibc-crosstools-gcc-4.4.2-1/usr/bin/mips-linux-uclibc-ld
lt_cv_path_NM=/opt/toolchains/uclibc-crosstools-gcc-4.4.2-1/usr/bin/mips-linux-uclibc-nm
lt_cv_path_SED=/bin/sed
lt_cv_prog_compiler_c_o=yes
lt_cv_prog_compiler_c_o_CXX=yes
lt_cv_prog_compiler_rtti_exceptions=no
lt_cv_prog_gnu_ld=yes
lt_cv_prog_gnu_ldcxx=yes
lt_cv_sys_global_symbol_pipe='sed -n -e '\''s/^.*[ 	]\([ABCDGIRSTW][ABCDGIRSTW]*\)[ 	][ 	]*\([_A-Za-z][_A-Za-z0-9]*\)$/\1 \2 \2/p'\'''
lt_cv_sys_global_symbol_to_c_name_address='sed -n -e '\''s/^: \([^ ]*\) $/  {\"\1\", (lt_ptr) 0},/p'\'' -e '\''s/^[BCDEGRST] \([^ ]*\) \([^ ]*\)$/  {"\2", (lt_ptr) \&\2},/p'\'''
lt_cv_sys_global_symbol_to_cdecl='sed -n -e '\''s/^. .* \(.*\)$/extern int \1;/p'\'''
lt_cv_sys_max_cmd_len=32768
lt_lt_cv_prog_compiler_c_o='"yes"'
lt_lt_cv_prog_compiler_c_o_CXX='"yes"'
lt_lt_cv_sys_global_symbol_pipe='"sed -n -e '\''s/^.*[ 	]\\([ABCDGIRSTW][ABCDGIRSTW]*\\)[ 	][ 	]*\\([_A-Za-z][_A-Za-z0-9]*\\)\$/\\1 \\2 \\2/p'\''"'
lt_lt_cv_sys_global_symbol_to_c_name_address='"sed -n -e '\''s/^: \\([^ ]*\\) \$/  {\\\"\\1\\\", (lt_ptr) 0},/p'\'' -e '\''s/^[BCDEGRST] \\([^ ]*\\) \\([^ ]*\\)\$/  {\"\\2\", (lt_ptr) \\&\\2},/p'\''"'
lt_lt_cv_sys_global_symbol_to_cdecl='"sed -n -e '\''s/^. .* \\(.*\\)\$/extern int \\1;/p'\''"'

## ----------------- ##
## Output variables. ##
## ----------------- ##

ACLOCAL='${SHELL} /home/actiontec/projects/tasks/31.122L.11_2/sdk1204/bcmcpe_release/userspace/gpl/apps/oprofile/missing --run aclocal-1.9'
AMDEPBACKSLASH='\'
AMDEP_FALSE='#'
AMDEP_TRUE=''
AMTAR='${SHELL} /home/actiontec/projects/tasks/31.122L.11_2/sdk1204/bcmcpe_release/userspace/gpl/apps/oprofile/missing --run tar'
AR='/opt/toolchains/uclibc-crosstools-gcc-4.4.2-1/usr/bin/mips-linux-uclibc-ar'
AUTOCONF='${SHELL} /home/actiontec/projects/tasks/31.122L.11_2/sdk1204/bcmcpe_release/userspace/gpl/apps/oprofile/missing --run autoconf'
AUTOHEADER='${SHELL} /home/actiontec/projects/tasks/31.122L.11_2/sdk1204/bcmcpe_release/userspace/gpl/apps/oprofile/missing --run autoheader'
AUTOMAKE='${SHELL} /home/actiontec/projects/tasks/31.122L.11_2/sdk1204/bcmcpe_release/userspace/gpl/apps/oprofile/missing --run automake-1.9'
AWK='gawk'
BFD_LIBS=''
BUILD_JVMPI_AGENT_FALSE=''
BUILD_JVMPI_AGENT_TRUE='#'
BUILD_JVMTI_AGENT_FALSE=''
BUILD_JVMTI_AGENT_TRUE='#'
CAT_ENTRY_END=''
CAT_ENTRY_START=''
CC='/opt/toolchains/uclibc-crosstools-gcc-4.4.2-1/usr/bin/mips-linux-uclibc-gcc'
CCDEPMODE='depmode=gcc3'
CFLAGS='-g -O2'
CPP='/opt/toolchains/uclibc-crosstools-gcc-4.4.2-1/usr/bin/mips-linux-uclibc-cpp'
CPPFLAGS=''
CXX='/opt/toolchains/uclibc-crosstools-gcc-4.4.2-1/usr/bin/mips-linux-uclibc-g++'
CXXCPP='/opt/toolchains/uclibc-crosstools-gcc-4.4.2-1/usr/bin/mips-linux-uclibc-g++ -E'
CXXDEPMODE='depmode=gcc3'
CXXFLAGS='-g -O2'
CYGPATH_W='echo'
DATE='Wed 15 January 2014'
DEFS=''
DEPDIR='.deps'
DOCBOOK_ROOT=''
ECHO='echo'
ECHO_C=''
ECHO_N='-n'
ECHO_T=''
EGREP='/bin/grep -E'
EXEEXT=''
EXTRA_CFLAGS_MODULE=' -DEXPECT_OK'
F77=''
FFLAGS=''
GREP='/bin/grep'
INSTALL_DATA='${INSTALL} -m 644'
INSTALL_PROGRAM='${INSTALL}'
INSTALL_SCRIPT='${INSTALL}'
INSTALL_STRIP_PROGRAM='${SHELL} $(install_sh) -c -s'
JAVA_HOMEDIR=''
KINC=''
KSRC=''
KVERS=''
LD='/opt/toolchains/uclibc-crosstools-gcc-4.4.2-1/usr/bin/mips-linux-uclibc-ld'
LDFLAGS=''
LIBERTY_LIBS=''
LIBOBJS=''
LIBS=''
LIBTOOL='$(SHELL) $(top_builddir)/libtool'
LN_S='ln -s'
LTLIBOBJS=''
MAKEINFO='${SHELL} /home/actiontec/projects/tasks/31.122L.11_2/sdk1204/bcmcpe_release/userspace/gpl/apps/oprofile/missing --run makeinfo'
MOC=''
MODINSTALLDIR=''
OBJEXT='o'
OPROFILE_DIR='/home/actiontec/projects/tasks/31.122L.11_2/sdk1204/bcmcpe_release/userspace/gpl/apps/oprofile'
OPROFILE_MODULE_ARCH=''
OP_CFLAGS=''
OP_CXXFLAGS=''
OP_DOCDIR=''
PACKAGE='oprofile'
PACKAGE_BUGREPORT=''
PACKAGE_NAME=''
PACKAGE_STRING=''
PACKAGE_TARNAME=''
PACKAGE_URL=''
PACKAGE_VERSION=''
PATH_SEPARATOR=':'
POPT_LIBS=''
PTRDIFF_T_TYPE=''
QT_INCLUDES=''
QT_LDFLAGS=''
QT_LIB=''
QT_VERSION=''
RANLIB='/opt/toolchains/uclibc-crosstools-gcc-4.4.2-1/usr/bin/mips-linux-uclibc-ranlib'
SET_MAKE=''
SHELL='/bin/sh'
SIZE_T_TYPE=''
STRIP='/opt/toolchains/uclibc-crosstools-gcc-4.4.2-1/usr/bin/mips-linux-uclibc-strip'
UIC=''
VERSION='0.9.6'
XMKMF=''
XML_CATALOG=''
XSLTPROC=''
XSLTPROC_FLAGS=''
X_CFLAGS=''
X_EXTRA_LIBS=''
X_LIBS=''
X_PRE_LIBS=''
ac_ct_CC=''
ac_ct_CXX=''
ac_ct_F77=''
am__fastdepCC_FALSE='#'
am__fastdepCC_TRUE=''
am__fastdepCXX_FALSE='#'
am__fastdepCXX_TRUE=''
am__include='include'
am__leading_dot='.'
am__quote=''
am__tar='${AMTAR} chof - "$$tardir"'
am__untar='${AMTAR} xf -'
bindir='${exec_prefix}/bin'
build='i686-pc-linux-gnu'
build_alias='i686-pc-linux-gnu'
build_cpu='i686'
build_os='linux-gnu'
build_vendor='pc'
datadir='${datarootdir}'
datarootdir='${prefix}/share'
docdir='${datarootdir}/doc/${PACKAGE}'
dvidir='${docdir}'
exec_prefix='NONE'
have_qt_FALSE=''
have_qt_TRUE=''
have_xsltproc_FALSE=''
have_xsltproc_TRUE=''
host='mips-unknown-linux-gnu'
host_alias='mips-linux'
host_cpu='mips'
host_os='linux-gnu'
host_vendor='unknown'
htmldir='${docdir}'
includedir='${prefix}/include'
infodir='${datarootdir}/info'
install_sh='/home/actiontec/projects/tasks/31.122L.11_2/sdk1204/bcmcpe_release/userspace/gpl/apps/oprofile/install-sh'
kernel_support_FALSE='#'
kernel_support_TRUE=''
libdir='${exec_prefix}/lib'
libexecdir='${exec_prefix}/libexec'
localedir='${datarootdir}/locale'
localstatedir='${prefix}/var'
mandir='${datarootdir}/man'
mkdir_p='mkdir -p --'
oldincludedir='/usr/include'
pdfdir='${docdir}'
prefix='NONE'
program_transform_name='s,x,x,'
psdir='${docdir}'
sbindir='${exec_prefix}/sbin'
sharedstatedir='${prefix}/com'
sysconfdir='${prefix}/etc'
target_alias='mips-linux'
topdir='/home/actiontec/projects/tasks/31.122L.11_2/sdk1204/bcmcpe_release/userspace/gpl/apps/oprofile'

## ----------- ##
## confdefs.h. ##
## ----------- ##

/* confdefs.h */
#define PACKAGE_NAME ""
#define PACKAGE_TARNAME ""
#define PACKAGE_VERSION ""
#define PACKAGE_STRING ""
#define PACKAGE_BUGREPORT ""
#define PACKAGE_URL ""
#define PACKAGE "oprofile"
#define VERSION "0.9.6"
#define HAVE_DECL_BASENAME 1
#define STDC_HEADERS 1
#define HAVE_SYS_TYPES_H 1
#define HAVE_SYS_STAT_H 1
#define HAVE_STDLIB_H 1
#define HAVE_STRING_H 1
#define HAVE_MEMORY_H 1
#define HAVE_STRINGS_H 1
#define HAVE_INTTYPES_H 1
#define HAVE_STDINT_H 1
#define HAVE_UNISTD_H 1
#define HAVE_DLFCN_H 1
#define HAVE_SCHED_SETAFFINITY 1

configure: exit 1
