
## ---------------------- ##
## Running config.status. ##
## ---------------------- ##

This file was extended by ipsec-tools config.status 0.5.1, which was
generated by GNU Autoconf 2.59.  Invocation command line was

  CONFIG_FILES    = 
  CONFIG_HEADERS  = 
  CONFIG_LINKS    = 
  CONFIG_COMMANDS = 
  $ ./config.status config.h

on bcacpe-sqa

config.status:844: creating config.h

## ---------------------- ##
## Running config.status. ##
## ---------------------- ##

This file was extended by ipsec-tools config.status 0.5.1, which was
generated by GNU Autoconf 2.59.  Invocation command line was

  CONFIG_FILES    = 
  CONFIG_HEADERS  = 
  CONFIG_LINKS    = 
  CONFIG_COMMANDS = 
  $ ./config.status config.h

on actiontec-H61MA-D2V

config.status:844: creating config.h
config.status:1024: config.h is unchanged

## ---------------------- ##
## Running config.status. ##
## ---------------------- ##

This file was extended by ipsec-tools config.status 0.5.1, which was
generated by GNU Autoconf 2.59.  Invocation command line was

  CONFIG_FILES    = 
  CONFIG_HEADERS  = 
  CONFIG_LINKS    = 
  CONFIG_COMMANDS = 
  $ ./config.status config.h

on actiontec-MS-7519

config.status:844: creating config.h
config.status:1024: config.h is unchanged
